<?xml version="1.0" encoding="UTF-8"?>
<!-- Generated by org.testng.reporters.JUnitReportReporter -->
<testsuite skipped="0" hostname="DESKTOP-35IMPH5" name="orangeHrmPom.TestingLogIn" tests="8" failures="0" timestamp="2022-04-21T15:10:23 EDT" time="19.564" errors="0">
  <testcase name="logIn" time="2.982" classname="orangeHrmPom.TestingLogIn"/>
  <system-out/>
  <testcase name="logIn" time="4.001" classname="orangeHrmPom.TestingLogIn"/>
  <system-out/>
  <testcase name="checkInfo" time="0.890" classname="orangeHrmPom.TestingLogIn"/>
  <system-out/>
  <testcase name="checkInfo" time="2.408" classname="orangeHrmPom.TestingLogIn"/>
  <system-out/>
  <testcase name="adminpage" time="3.278" classname="orangeHrmPom.TestingLogIn"/>
  <system-out/>
  <testcase name="adminpage" time="3.181" classname="orangeHrmPom.TestingLogIn"/>
  <system-out/>
  <testcase name="logOut" time="1.720" classname="orangeHrmPom.TestingLogIn"/>
  <system-out/>
  <testcase name="logOut" time="1.104" classname="orangeHrmPom.TestingLogIn"/>
  <system-out/>
</testsuite> <!-- orangeHrmPom.TestingLogIn -->
