<?xml version="1.0" encoding="UTF-8"?>
<!-- Generated by org.testng.reporters.JUnitReportReporter -->
<testsuite skipped="0" hostname="DESKTOP-35IMPH5" name="orangeHrmPom.TestingLogIn" tests="2" failures="0" timestamp="2022-04-19T15:57:29 EDT" time="3.506" errors="0">
  <testcase name="logIn" time="2.335" classname="orangeHrmPom.TestingLogIn"/>
  <system-out/>
  <testcase name="logOut" time="1.171" classname="orangeHrmPom.TestingLogIn"/>
  <system-out/>
</testsuite> <!-- orangeHrmPom.TestingLogIn -->
