<?xml version="1.0" encoding="UTF-8"?>
<!-- Generated by org.testng.reporters.JUnitReportReporter -->
<testsuite skipped="0" hostname="DESKTOP-35IMPH5" name="orangeHrmPom.TestingLogIn" tests="8" failures="0" timestamp="2022-04-21T15:39:54 EDT" time="14.862" errors="0">
  <testcase name="logIn" time="4.944" classname="orangeHrmPom.TestingLogIn"/>
  <system-out/>
  <testcase name="logIn" time="2.532" classname="orangeHrmPom.TestingLogIn"/>
  <system-out/>
  <testcase name="checkInfo" time="2.175" classname="orangeHrmPom.TestingLogIn"/>
  <system-out/>
  <testcase name="checkInfo" time="0.984" classname="orangeHrmPom.TestingLogIn"/>
  <system-out/>
  <testcase name="adminpage" time="1.129" classname="orangeHrmPom.TestingLogIn"/>
  <system-out/>
  <testcase name="adminpage" time="1.413" classname="orangeHrmPom.TestingLogIn"/>
  <system-out/>
  <testcase name="logOut" time="0.848" classname="orangeHrmPom.TestingLogIn"/>
  <system-out/>
  <testcase name="logOut" time="0.837" classname="orangeHrmPom.TestingLogIn"/>
  <system-out/>
</testsuite> <!-- orangeHrmPom.TestingLogIn -->
