<?xml version="1.0" encoding="UTF-8"?>
<!-- Generated by org.testng.reporters.JUnitReportReporter -->
<testsuite skipped="0" hostname="DESKTOP-35IMPH5" name="orangeHrmPom.TestingLogIn" tests="3" failures="0" timestamp="2022-04-19T17:04:18 EDT" time="5.026" errors="0">
  <testcase name="logIn" time="2.668" classname="orangeHrmPom.TestingLogIn"/>
  <system-out/>
  <testcase name="checkInfo" time="1.508" classname="orangeHrmPom.TestingLogIn"/>
  <system-out/>
  <testcase name="logOut" time="0.850" classname="orangeHrmPom.TestingLogIn"/>
  <system-out/>
</testsuite> <!-- orangeHrmPom.TestingLogIn -->
