<?xml version="1.0" encoding="UTF-8"?>
<!-- Generated by org.testng.reporters.JUnitReportReporter -->
<testsuite skipped="0" hostname="DESKTOP-35IMPH5" name="rozy.orangeHrmPom.Orange1" tests="1" failures="0" timestamp="2022-04-18T15:15:39 EDT" time="0.015" errors="0">
  <testcase name="love" time="0.015" classname="rozy.orangeHrmPom.Orange1"/>
  <system-out/>
</testsuite> <!-- rozy.orangeHrmPom.Orange1 -->
