<?xml version="1.0" encoding="UTF-8"?>
<!-- Generated by org.testng.reporters.JUnitReportReporter -->
<testsuite skipped="0" hostname="DESKTOP-35IMPH5" name="orangeHrmPom.TestingLogIn" tests="1" failures="0" timestamp="2022-04-18T16:05:05 EDT" time="2.495" errors="0">
  <testcase name="logIn" time="2.495" classname="orangeHrmPom.TestingLogIn"/>
  <system-out/>
</testsuite> <!-- orangeHrmPom.TestingLogIn -->
