<?xml version="1.0" encoding="UTF-8"?>
<!-- Generated by org.testng.reporters.JUnitReportReporter -->
<testsuite skipped="0" hostname="DESKTOP-35IMPH5" name="orangeHrmPom.TestingLogIn" tests="8" failures="0" timestamp="2022-04-20T15:31:30 EDT" time="13.987" errors="0">
  <testcase name="logIn" time="2.742" classname="orangeHrmPom.TestingLogIn"/>
  <system-out/>
  <testcase name="logIn" time="3.075" classname="orangeHrmPom.TestingLogIn"/>
  <system-out/>
  <testcase name="checkInfo" time="2.643" classname="orangeHrmPom.TestingLogIn"/>
  <system-out/>
  <testcase name="checkInfo" time="0.933" classname="orangeHrmPom.TestingLogIn"/>
  <system-out/>
  <testcase name="adminpage" time="1.726" classname="orangeHrmPom.TestingLogIn"/>
  <system-out/>
  <testcase name="adminpage" time="1.010" classname="orangeHrmPom.TestingLogIn"/>
  <system-out/>
  <testcase name="logOut" time="1.006" classname="orangeHrmPom.TestingLogIn"/>
  <system-out/>
  <testcase name="logOut" time="0.852" classname="orangeHrmPom.TestingLogIn"/>
  <system-out/>
</testsuite> <!-- orangeHrmPom.TestingLogIn -->
