<?xml version="1.0" encoding="UTF-8"?>
<!-- Generated by org.testng.reporters.JUnitReportReporter -->
<testsuite skipped="0" hostname="DESKTOP-35IMPH5" name="orangeHrmPom.TestingLogIn" tests="8" failures="0" timestamp="2022-04-20T16:02:25 EDT" time="15.065" errors="0">
  <testcase name="logIn" time="2.566" classname="orangeHrmPom.TestingLogIn"/>
  <system-out/>
  <testcase name="logIn" time="3.682" classname="orangeHrmPom.TestingLogIn"/>
  <system-out/>
  <testcase name="checkInfo" time="2.601" classname="orangeHrmPom.TestingLogIn"/>
  <system-out/>
  <testcase name="checkInfo" time="1.034" classname="orangeHrmPom.TestingLogIn"/>
  <system-out/>
  <testcase name="adminpage" time="1.467" classname="orangeHrmPom.TestingLogIn"/>
  <system-out/>
  <testcase name="adminpage" time="1.283" classname="orangeHrmPom.TestingLogIn"/>
  <system-out/>
  <testcase name="logOut" time="0.903" classname="orangeHrmPom.TestingLogIn"/>
  <system-out/>
  <testcase name="logOut" time="1.529" classname="orangeHrmPom.TestingLogIn"/>
  <system-out/>
</testsuite> <!-- orangeHrmPom.TestingLogIn -->
