<?xml version="1.0" encoding="UTF-8"?>
<!-- Generated by org.testng.reporters.JUnitReportReporter -->
<testsuite skipped="0" hostname="DESKTOP-35IMPH5" name="orangeHrmPom.TestingLogIn" tests="4" failures="0" timestamp="2022-04-19T17:37:04 EDT" time="5.550" errors="0">
  <testcase name="logIn" time="2.375" classname="orangeHrmPom.TestingLogIn"/>
  <system-out/>
  <testcase name="checkInfo" time="1.236" classname="orangeHrmPom.TestingLogIn"/>
  <system-out/>
  <testcase name="adminpage" time="1.146" classname="orangeHrmPom.TestingLogIn"/>
  <system-out/>
  <testcase name="logOut" time="0.793" classname="orangeHrmPom.TestingLogIn"/>
  <system-out/>
</testsuite> <!-- orangeHrmPom.TestingLogIn -->
